<?xml version="1.0" encoding="UTF-8"?>
<testsuite xmlns:xsi="http://www.w3.org/2001/XMLSchema-instance" xsi:noNamespaceSchemaLocation="https://maven.apache.org/surefire/maven-surefire-plugin/xsd/surefire-test-report.xsd" version="3.0.2" name="playwright.CometElite.SingleRun" time="42.256" tests="1" errors="0" skipped="0" failures="0">
  <properties>
[...]
</properties>
  <testcase name="testLoginAndNavigate" classname="playwright.CometElite.SingleRun" time="41.978">
    <system-out><![CDATA[Email sent successfully with report attached.
]]></system-out>
  </testcase>
</testsuite>