<?xml version="1.0" encoding="UTF-8"?>
<testng-results ignored="0" total="1" passed="1" failed="0" skipped="0">
  <reporter-output>
  </reporter-output>
  <suite started-at="2024-11-12T13:10:32 IST" name="Default suite" finished-at="2024-11-12T13:11:11 IST" duration-ms="38717">
    <groups>
    </groups>
    <test started-at="2024-11-12T13:10:32 IST" name="Default test" finished-at="2024-11-12T13:11:11 IST" duration-ms="38717">
      <class name="playwright.CometElite.SingleRun">
        <test-method signature="testLoginAndNavigate()[pri:1, instance:playwright.CometElite.SingleRun@77fbd92c]" started-at="2024-11-12T13:10:32 IST" name="testLoginAndNavigate" finished-at="2024-11-12T13:11:11 IST" duration-ms="38688" status="PASS">
          <reporter-output>
          </reporter-output>
        </test-method> <!-- testLoginAndNavigate -->
      </class> <!-- playwright.CometElite.SingleRun -->
    </test> <!-- Default test -->
  </suite> <!-- Default suite -->
</testng-results>
